<?xml version="1.0" encoding="UTF-8"?>
<!-- Generated by org.testng.reporters.JUnitXMLReporter -->
<testsuite ignored="0" hostname="SURAJ-LAPTOP" failures="0" tests="2" name="Default test" time="0.172" errors="0" timestamp="2023-06-23T16:47:29 IST">
  <testcase classname="tests.RecentlyPlayedSongListTest" name="testPlaySong" time="0.018"/>
  <testcase classname="tests.RecentlyPlayedSongListTest" name="testGetRecentlyPlayedSongsForNonExistingUser" time="0.005"/>
</testsuite> <!-- Default test -->
